Determining if the pthread_create exist failed with the following output:
Change Dir: /home/ros/Documents/Masters_Embedded/build/CMakeFiles/CMakeTmp

Run Build Command:"/usr/bin/make" "cmTC_d2cd9/fast"
/usr/bin/make -f CMakeFiles/cmTC_d2cd9.dir/build.make CMakeFiles/cmTC_d2cd9.dir/build
make[1]: Entering directory '/home/ros/Documents/Masters_Embedded/build/CMakeFiles/CMakeTmp'
Building C object CMakeFiles/cmTC_d2cd9.dir/CheckSymbolExists.c.o
/usr/bin/cc    -o CMakeFiles/cmTC_d2cd9.dir/CheckSymbolExists.c.o   -c /home/ros/Documents/Masters_Embedded/build/CMakeFiles/CMakeTmp/CheckSymbolExists.c
Linking C executable cmTC_d2cd9
/usr/bin/cmake -E cmake_link_script CMakeFiles/cmTC_d2cd9.dir/link.txt --verbose=1
/usr/bin/cc      -rdynamic CMakeFiles/cmTC_d2cd9.dir/CheckSymbolExists.c.o  -o cmTC_d2cd9 
CMakeFiles/cmTC_d2cd9.dir/CheckSymbolExists.c.o: In function `main':
CheckSymbolExists.c:(.text+0x14): undefined reference to `pthread_create'
CheckSymbolExists.c:(.text+0x18): undefined reference to `pthread_create'
collect2: error: ld returned 1 exit status
CMakeFiles/cmTC_d2cd9.dir/build.make:97: recipe for target 'cmTC_d2cd9' failed
make[1]: *** [cmTC_d2cd9] Error 1
make[1]: Leaving directory '/home/ros/Documents/Masters_Embedded/build/CMakeFiles/CMakeTmp'
Makefile:126: recipe for target 'cmTC_d2cd9/fast' failed
make: *** [cmTC_d2cd9/fast] Error 2

File /home/ros/Documents/Masters_Embedded/build/CMakeFiles/CMakeTmp/CheckSymbolExists.c:
/* */
#include <pthread.h>

int main(int argc, char** argv)
{
  (void)argv;
#ifndef pthread_create
  return ((int*)(&pthread_create))[argc];
#else
  (void)argc;
  return 0;
#endif
}

Determining if the function pthread_create exists in the pthreads failed with the following output:
Change Dir: /home/ros/Documents/Masters_Embedded/build/CMakeFiles/CMakeTmp

Run Build Command:"/usr/bin/make" "cmTC_6eaee/fast"
/usr/bin/make -f CMakeFiles/cmTC_6eaee.dir/build.make CMakeFiles/cmTC_6eaee.dir/build
make[1]: Entering directory '/home/ros/Documents/Masters_Embedded/build/CMakeFiles/CMakeTmp'
Building C object CMakeFiles/cmTC_6eaee.dir/CheckFunctionExists.c.o
/usr/bin/cc   -DCHECK_FUNCTION_EXISTS=pthread_create   -o CMakeFiles/cmTC_6eaee.dir/CheckFunctionExists.c.o   -c /usr/share/cmake-3.10/Modules/CheckFunctionExists.c
Linking C executable cmTC_6eaee
/usr/bin/cmake -E cmake_link_script CMakeFiles/cmTC_6eaee.dir/link.txt --verbose=1
/usr/bin/cc  -DCHECK_FUNCTION_EXISTS=pthread_create    -rdynamic CMakeFiles/cmTC_6eaee.dir/CheckFunctionExists.c.o  -o cmTC_6eaee -lpthreads 
/usr/bin/ld: cannot find -lpthreads
collect2: error: ld returned 1 exit status
CMakeFiles/cmTC_6eaee.dir/build.make:97: recipe for target 'cmTC_6eaee' failed
make[1]: *** [cmTC_6eaee] Error 1
make[1]: Leaving directory '/home/ros/Documents/Masters_Embedded/build/CMakeFiles/CMakeTmp'
Makefile:126: recipe for target 'cmTC_6eaee/fast' failed
make: *** [cmTC_6eaee/fast] Error 2


